{"/home/kauan/Documents/testes/auth-hitss/src/domain/entities/User.ts": {"path":"/home/kauan/Documents/testes/auth-hitss/src/domain/entities/User.ts","statementMap":{"0":{"start":{"line":1,"column":0},"end":{"line":1,"column":33}},"1":{"start":{"line":13,"column":4},"end":{"line":13,"column":53}},"2":{"start":{"line":15,"column":22},"end":{"line":15,"column":38}},"3":{"start":{"line":18,"column":4},"end":{"line":18,"column":41}},"4":{"start":{"line":19,"column":17},"end":{"line":19,"column":51}},"5":{"start":{"line":20,"column":4},"end":{"line":20,"column":16}},"6":{"start":{"line":24,"column":17},"end":{"line":30,"column":6}},"7":{"start":{"line":31,"column":4},"end":{"line":31,"column":16}},"8":{"start":{"line":35,"column":4},"end":{"line":35,"column":30}},"9":{"start":{"line":36,"column":4},"end":{"line":36,"column":30}},"10":{"start":{"line":37,"column":4},"end":{"line":37,"column":26}},"11":{"start":{"line":41,"column":4},"end":{"line":41,"column":32}},"12":{"start":{"line":42,"column":4},"end":{"line":42,"column":33}},"13":{"start":{"line":43,"column":4},"end":{"line":43,"column":36}},"14":{"start":{"line":44,"column":4},"end":{"line":44,"column":36}},"15":{"start":{"line":48,"column":4},"end":{"line":50,"column":5}},"16":{"start":{"line":49,"column":6},"end":{"line":49,"column":40}},"17":{"start":{"line":53,"column":23},"end":{"line":53,"column":52}},"18":{"start":{"line":54,"column":4},"end":{"line":56,"column":5}},"19":{"start":{"line":55,"column":6},"end":{"line":55,"column":39}},"20":{"start":{"line":60,"column":4},"end":{"line":62,"column":5}},"21":{"start":{"line":61,"column":6},"end":{"line":61,"column":41}},"22":{"start":{"line":65,"column":4},"end":{"line":67,"column":5}},"23":{"start":{"line":66,"column":6},"end":{"line":66,"column":40}},"24":{"start":{"line":71,"column":4},"end":{"line":71,"column":32}},"25":{"start":{"line":72,"column":4},"end":{"line":72,"column":36}},"26":{"start":{"line":73,"column":4},"end":{"line":73,"column":36}},"27":{"start":{"line":76,"column":4},"end":{"line":78,"column":5}},"28":{"start":{"line":77,"column":6},"end":{"line":77,"column":40}},"29":{"start":{"line":81,"column":4},"end":{"line":83,"column":5}},"30":{"start":{"line":82,"column":6},"end":{"line":82,"column":41}},"31":{"start":{"line":86,"column":4},"end":{"line":88,"column":5}},"32":{"start":{"line":87,"column":6},"end":{"line":87,"column":40}},"33":{"start":{"line":92,"column":4},"end":{"line":92,"column":28}},"34":{"start":{"line":96,"column":4},"end":{"line":98,"column":5}},"35":{"start":{"line":97,"column":6},"end":{"line":97,"column":38}},"36":{"start":{"line":102,"column":4},"end":{"line":102,"column":25}},"37":{"start":{"line":106,"column":4},"end":{"line":106,"column":28}},"38":{"start":{"line":110,"column":4},"end":{"line":110,"column":28}},"39":{"start":{"line":114,"column":4},"end":{"line":114,"column":26}},"40":{"start":{"line":118,"column":4},"end":{"line":118,"column":34}},"41":{"start":{"line":11,"column":0},"end":{"line":11,"column":13}}},"fnMap":{"0":{"name":"(anonymous_1)","decl":{"start":{"line":15,"column":2},"end":{"line":15,"column":22}},"loc":{"start":{"line":15,"column":38},"end":{"line":15,"column":42}}},"1":{"name":"(anonymous_2)","decl":{"start":{"line":17,"column":9},"end":{"line":17,"column":15}},"loc":{"start":{"line":17,"column":64},"end":{"line":21,"column":3}}},"2":{"name":"(anonymous_3)","decl":{"start":{"line":23,"column":10},"end":{"line":23,"column":16}},"loc":{"start":{"line":23,"column":69},"end":{"line":32,"column":3}}},"3":{"name":"(anonymous_4)","decl":{"start":{"line":34,"column":10},"end":{"line":34,"column":16}},"loc":{"start":{"line":34,"column":71},"end":{"line":38,"column":3}}},"4":{"name":"(anonymous_5)","decl":{"start":{"line":40,"column":10},"end":{"line":40,"column":16}},"loc":{"start":{"line":40,"column":44},"end":{"line":45,"column":3}}},"5":{"name":"(anonymous_6)","decl":{"start":{"line":47,"column":10},"end":{"line":47,"column":16}},"loc":{"start":{"line":47,"column":46},"end":{"line":51,"column":3}}},"6":{"name":"(anonymous_7)","decl":{"start":{"line":52,"column":10},"end":{"line":52,"column":16}},"loc":{"start":{"line":52,"column":47},"end":{"line":57,"column":3}}},"7":{"name":"(anonymous_8)","decl":{"start":{"line":59,"column":10},"end":{"line":59,"column":16}},"loc":{"start":{"line":59,"column":50},"end":{"line":63,"column":3}}},"8":{"name":"(anonymous_9)","decl":{"start":{"line":64,"column":10},"end":{"line":64,"column":16}},"loc":{"start":{"line":64,"column":50},"end":{"line":68,"column":3}}},"9":{"name":"(anonymous_10)","decl":{"start":{"line":70,"column":10},"end":{"line":70,"column":16}},"loc":{"start":{"line":70,"column":44},"end":{"line":74,"column":3}}},"10":{"name":"(anonymous_11)","decl":{"start":{"line":75,"column":10},"end":{"line":75,"column":16}},"loc":{"start":{"line":75,"column":46},"end":{"line":79,"column":3}}},"11":{"name":"(anonymous_12)","decl":{"start":{"line":80,"column":10},"end":{"line":80,"column":16}},"loc":{"start":{"line":80,"column":50},"end":{"line":84,"column":3}}},"12":{"name":"(anonymous_13)","decl":{"start":{"line":85,"column":10},"end":{"line":85,"column":16}},"loc":{"start":{"line":85,"column":50},"end":{"line":89,"column":3}}},"13":{"name":"(anonymous_14)","decl":{"start":{"line":91,"column":10},"end":{"line":91,"column":16}},"loc":{"start":{"line":91,"column":40},"end":{"line":93,"column":3}}},"14":{"name":"(anonymous_15)","decl":{"start":{"line":95,"column":10},"end":{"line":95,"column":16}},"loc":{"start":{"line":95,"column":42},"end":{"line":99,"column":3}}},"15":{"name":"(anonymous_16)","decl":{"start":{"line":101,"column":2},"end":{"line":101,"column":13}},"loc":{"start":{"line":101,"column":15},"end":{"line":103,"column":3}}},"16":{"name":"(anonymous_17)","decl":{"start":{"line":105,"column":2},"end":{"line":105,"column":13}},"loc":{"start":{"line":105,"column":18},"end":{"line":107,"column":3}}},"17":{"name":"(anonymous_18)","decl":{"start":{"line":109,"column":2},"end":{"line":109,"column":13}},"loc":{"start":{"line":109,"column":18},"end":{"line":111,"column":3}}},"18":{"name":"(anonymous_19)","decl":{"start":{"line":113,"column":2},"end":{"line":113,"column":13}},"loc":{"start":{"line":113,"column":16},"end":{"line":115,"column":3}}},"19":{"name":"(anonymous_20)","decl":{"start":{"line":117,"column":2},"end":{"line":117,"column":13}},"loc":{"start":{"line":117,"column":24},"end":{"line":119,"column":3}}}},"branchMap":{"0":{"loc":{"start":{"line":48,"column":4},"end":{"line":50,"column":5}},"type":"if","locations":[{"start":{"line":48,"column":4},"end":{"line":50,"column":5}}]},"1":{"loc":{"start":{"line":54,"column":4},"end":{"line":56,"column":5}},"type":"if","locations":[{"start":{"line":54,"column":4},"end":{"line":56,"column":5}}]},"2":{"loc":{"start":{"line":60,"column":4},"end":{"line":62,"column":5}},"type":"if","locations":[{"start":{"line":60,"column":4},"end":{"line":62,"column":5}}]},"3":{"loc":{"start":{"line":65,"column":4},"end":{"line":67,"column":5}},"type":"if","locations":[{"start":{"line":65,"column":4},"end":{"line":67,"column":5}}]},"4":{"loc":{"start":{"line":76,"column":4},"end":{"line":78,"column":5}},"type":"if","locations":[{"start":{"line":76,"column":4},"end":{"line":78,"column":5}}]},"5":{"loc":{"start":{"line":81,"column":4},"end":{"line":83,"column":5}},"type":"if","locations":[{"start":{"line":81,"column":4},"end":{"line":83,"column":5}}]},"6":{"loc":{"start":{"line":86,"column":4},"end":{"line":88,"column":5}},"type":"if","locations":[{"start":{"line":86,"column":4},"end":{"line":88,"column":5}}]},"7":{"loc":{"start":{"line":96,"column":4},"end":{"line":98,"column":5}},"type":"if","locations":[{"start":{"line":96,"column":4},"end":{"line":98,"column":5}}]}},"s":{"0":1,"1":1,"2":1,"3":9,"4":1,"5":1,"6":1,"7":1,"8":9,"9":5,"10":2,"11":9,"12":8,"13":7,"14":6,"15":9,"16":1,"17":8,"18":8,"19":1,"20":7,"21":1,"22":6,"23":1,"24":5,"25":4,"26":3,"27":5,"28":1,"29":4,"30":1,"31":3,"32":1,"33":2,"34":2,"35":1,"36":1,"37":1,"38":1,"39":1,"40":1,"41":1},"f":{"0":1,"1":9,"2":1,"3":9,"4":9,"5":9,"6":8,"7":7,"8":6,"9":5,"10":5,"11":4,"12":3,"13":2,"14":2,"15":1,"16":1,"17":1,"18":1,"19":1},"b":{"0":[1],"1":[1],"2":[1],"3":[1],"4":[1],"5":[1],"6":[1],"7":[1]}}
,"/home/kauan/Documents/testes/auth-hitss/src/infra/validators/UserDecryptJWEInputValidator.ts": {"path":"/home/kauan/Documents/testes/auth-hitss/src/infra/validators/UserDecryptJWEInputValidator.ts","statementMap":{"0":{"start":{"line":1,"column":0},"end":{"line":1,"column":20}},"1":{"start":{"line":3,"column":13},"end":{"line":5,"column":3}}},"fnMap":{},"branchMap":{},"s":{"0":1,"1":1},"f":{},"b":{}}
,"/home/kauan/Documents/testes/auth-hitss/src/infra/validators/UserRegisterInputValidator.ts": {"path":"/home/kauan/Documents/testes/auth-hitss/src/infra/validators/UserRegisterInputValidator.ts","statementMap":{"0":{"start":{"line":1,"column":0},"end":{"line":1,"column":20}},"1":{"start":{"line":3,"column":13},"end":{"line":6,"column":3}}},"fnMap":{},"branchMap":{},"s":{"0":1,"1":1},"f":{},"b":{}}
}
