TN:
SF:src/domain/entities/User.ts
FN:15,(anonymous_1)
FN:17,(anonymous_2)
FN:23,(anonymous_3)
FN:34,(anonymous_4)
FN:40,(anonymous_5)
FN:47,(anonymous_6)
FN:52,(anonymous_7)
FN:59,(anonymous_8)
FN:64,(anonymous_9)
FN:70,(anonymous_10)
FN:75,(anonymous_11)
FN:80,(anonymous_12)
FN:85,(anonymous_13)
FN:91,(anonymous_14)
FN:95,(anonymous_15)
FN:101,(anonymous_16)
FN:105,(anonymous_17)
FN:109,(anonymous_18)
FN:113,(anonymous_19)
FN:117,(anonymous_20)
FNF:20
FNH:20
FNDA:1,(anonymous_1)
FNDA:9,(anonymous_2)
FNDA:1,(anonymous_3)
FNDA:9,(anonymous_4)
FNDA:9,(anonymous_5)
FNDA:9,(anonymous_6)
FNDA:8,(anonymous_7)
FNDA:7,(anonymous_8)
FNDA:6,(anonymous_9)
FNDA:5,(anonymous_10)
FNDA:5,(anonymous_11)
FNDA:4,(anonymous_12)
FNDA:3,(anonymous_13)
FNDA:2,(anonymous_14)
FNDA:2,(anonymous_15)
FNDA:1,(anonymous_16)
FNDA:1,(anonymous_17)
FNDA:1,(anonymous_18)
FNDA:1,(anonymous_19)
FNDA:1,(anonymous_20)
DA:1,1
DA:11,1
DA:13,1
DA:15,1
DA:18,9
DA:19,1
DA:20,1
DA:24,1
DA:31,1
DA:35,9
DA:36,5
DA:37,2
DA:41,9
DA:42,8
DA:43,7
DA:44,6
DA:48,9
DA:49,1
DA:53,8
DA:54,8
DA:55,1
DA:60,7
DA:61,1
DA:65,6
DA:66,1
DA:71,5
DA:72,4
DA:73,3
DA:76,5
DA:77,1
DA:81,4
DA:82,1
DA:86,3
DA:87,1
DA:92,2
DA:96,2
DA:97,1
DA:102,1
DA:106,1
DA:110,1
DA:114,1
DA:118,1
LF:42
LH:42
BRDA:48,0,0,1
BRDA:54,1,0,1
BRDA:60,2,0,1
BRDA:65,3,0,1
BRDA:76,4,0,1
BRDA:81,5,0,1
BRDA:86,6,0,1
BRDA:96,7,0,1
BRF:8
BRH:8
end_of_record
TN:
SF:src/infra/validators/UserDecryptJWEInputValidator.ts
FNF:0
FNH:0
DA:1,1
DA:3,1
LF:2
LH:2
BRF:0
BRH:0
end_of_record
TN:
SF:src/infra/validators/UserRegisterInputValidator.ts
FNF:0
FNH:0
DA:1,1
DA:3,1
LF:2
LH:2
BRF:0
BRH:0
end_of_record
